# JRE version: Java(TM) SE Runtime Environment (15.0+36) (build 15+36-1562)
# Java VM: Java HotSpot(TM) 64-Bit Server VM (15+36-1562, mixed mode, sharing, tiered, compressed oops, g1 gc, windows-amd64)
GC Precious Log:
 CPUs: 4 total, 4 available
 Memory: 8056M
 Large Page Support: Disabled
 NUMA Support: Disabled
 Compressed Oops: Enabled (32-bit)
 Heap Region Size: 1M
 Heap Min Capacity: 8M
 Heap Initial Capacity: 126M
 Heap Max Capacity: 2016M
 Pre-touch: Disabled
 Parallel Workers: 4
 Concurrent Workers: 1
 Concurrent Refinement Workers: 4
 Periodic GC: Disabled
Heap:
 garbage-first heap   total 34816K, used 9323K [0x0000000082000000, 0x0000000100000000)
  region size 1024K, 4 young (4096K), 2 survivors (2048K)
 Metaspace       used 15149K, capacity 15335K, committed 15488K, reserved 1069056K
  class space    used 1735K, capacity 1802K, committed 1920K, reserved 1048576K
GC Heap History (6 events):
Event: 54.739 GC heap before
{Heap before GC invocations=0 (full 0):
 garbage-first heap   total 129024K, used 14336K [0x0000000082000000, 0x0000000100000000)
  region size 1024K, 13 young (13312K), 0 survivors (0K)
 Metaspace       used 11492K, capacity 11672K, committed 11904K, reserved 1060864K
  class space    used 1283K, capacity 1349K, committed 1408K, reserved 1048576K
}
Event: 54.760 GC heap after
{Heap after GC invocations=1 (full 0):
 garbage-first heap   total 129024K, used 4788K [0x0000000082000000, 0x0000000100000000)
  region size 1024K, 2 young (2048K), 2 survivors (2048K)
 Metaspace       used 11492K, capacity 11672K, committed 11904K, reserved 1060864K
  class space    used 1283K, capacity 1349K, committed 1408K, reserved 1048576K
}
Event: 84.201 GC heap before
{Heap before GC invocations=1 (full 0):
 garbage-first heap   total 129024K, used 12980K [0x0000000082000000, 0x0000000100000000)
  region size 1024K, 7 young (7168K), 2 survivors (2048K)
 Metaspace       used 12706K, capacity 12871K, committed 13056K, reserved 1060864K
  class space    used 1381K, capacity 1450K, committed 1536K, reserved 1048576K
}
Event: 84.208 GC heap after
{Heap after GC invocations=2 (full 0):
 garbage-first heap   total 129024K, used 8999K [0x0000000082000000, 0x0000000100000000)
  region size 1024K, 1 young (1024K), 1 survivors (1024K)
 Metaspace       used 12706K, capacity 12871K, committed 13056K, reserved 1060864K
  class space    used 1381K, capacity 1450K, committed 1536K, reserved 1048576K
}
Event: 84.383 GC heap before
{Heap before GC invocations=2 (full 0):
 garbage-first heap   total 129024K, used 15143K [0x0000000082000000, 0x0000000100000000)
  region size 1024K, 8 young (8192K), 1 survivors (1024K)
 Metaspace       used 14585K, capacity 14759K, committed 14848K, reserved 1069056K
  class space    used 1666K, capacity 1738K, committed 1792K, reserved 1048576K
}
Event: 84.386 GC heap after
{Heap after GC invocations=3 (full 0):
 garbage-first heap   total 129024K, used 9323K [0x0000000082000000, 0x0000000100000000)
  region size 1024K, 2 young (2048K), 2 survivors (2048K)
 Metaspace       used 14585K, capacity 14759K, committed 14848K, reserved 1069056K
  class space    used 1666K, capacity 1738K, committed 1792K, reserved 1048576K
}

