# JRE version: Java(TM) SE Runtime Environment (15.0+36) (build 15+36-1562)
# Java VM: Java HotSpot(TM) 64-Bit Server VM (15+36-1562, mixed mode, sharing, tiered, compressed oops, g1 gc, windows-amd64)
GC Precious Log:
 CPUs: 4 total, 4 available
 Memory: 8056M
 Large Page Support: Disabled
 NUMA Support: Disabled
 Compressed Oops: Enabled (32-bit)
 Heap Region Size: 1M
 Heap Min Capacity: 8M
 Heap Initial Capacity: 126M
 Heap Max Capacity: 2016M
 Pre-touch: Disabled
 Parallel Workers: 4
 Concurrent Workers: 1
 Concurrent Refinement Workers: 4
 Periodic GC: Disabled
Heap:
 garbage-first heap   total 129024K, used 50095K [0x0000000082000000, 0x0000000100000000)
  region size 1024K, 42 young (43008K), 2 survivors (2048K)
 Metaspace       used 17448K, capacity 17652K, committed 17920K, reserved 1064960K
  class space    used 1865K, capacity 1943K, committed 2048K, reserved 1048576K
GC Heap History (6 events):
Event: 12.336 GC heap before
{Heap before GC invocations=0 (full 0):
 garbage-first heap   total 129024K, used 14336K [0x0000000082000000, 0x0000000100000000)
  region size 1024K, 13 young (13312K), 0 survivors (0K)
 Metaspace       used 11645K, capacity 11800K, committed 11904K, reserved 1060864K
  class space    used 1283K, capacity 1349K, committed 1408K, reserved 1048576K
}
Event: 12.349 GC heap after
{Heap after GC invocations=1 (full 0):
 garbage-first heap   total 129024K, used 4806K [0x0000000082000000, 0x0000000100000000)
  region size 1024K, 2 young (2048K), 2 survivors (2048K)
 Metaspace       used 11645K, capacity 11800K, committed 11904K, reserved 1060864K
  class space    used 1283K, capacity 1349K, committed 1408K, reserved 1048576K
}
Event: 13.620 GC heap before
{Heap before GC invocations=1 (full 0):
 garbage-first heap   total 129024K, used 12998K [0x0000000082000000, 0x0000000100000000)
  region size 1024K, 8 young (8192K), 2 survivors (2048K)
 Metaspace       used 12973K, capacity 13191K, committed 13312K, reserved 1060864K
  class space    used 1396K, capacity 1450K, committed 1536K, reserved 1048576K
}
Event: 13.626 GC heap after
{Heap after GC invocations=2 (full 0):
 garbage-first heap   total 129024K, used 9138K [0x0000000082000000, 0x0000000100000000)
  region size 1024K, 1 young (1024K), 1 survivors (1024K)
 Metaspace       used 12973K, capacity 13191K, committed 13312K, reserved 1060864K
  class space    used 1396K, capacity 1450K, committed 1536K, reserved 1048576K
}
Event: 14.882 GC heap before
{Heap before GC invocations=2 (full 0):
 garbage-first heap   total 129024K, used 30642K [0x0000000082000000, 0x0000000100000000)
  region size 1024K, 22 young (22528K), 1 survivors (1024K)
 Metaspace       used 16969K, capacity 17178K, committed 17408K, reserved 1064960K
  class space    used 1863K, capacity 1940K, committed 2048K, reserved 1048576K
}
Event: 14.886 GC heap after
{Heap after GC invocations=3 (full 0):
 garbage-first heap   total 129024K, used 10159K [0x0000000082000000, 0x0000000100000000)
  region size 1024K, 2 young (2048K), 2 survivors (2048K)
 Metaspace       used 16969K, capacity 17178K, committed 17408K, reserved 1064960K
  class space    used 1863K, capacity 1940K, committed 2048K, reserved 1048576K
}

